2016/04/06 11:39:38 INFO  - jmeter.util.JMeterUtils: Setting Locale to en_US 
2016/04/06 11:39:38 INFO  - jmeter.JMeter: Loading user properties from: /Users/DTung/Jmeter-Dailies/target/jmeter/bin/user.properties 
2016/04/06 11:39:38 INFO  - jmeter.JMeter: Loading system properties from: /Users/DTung/Jmeter-Dailies/target/jmeter/bin/system.properties 
2016/04/06 11:39:38 INFO  - jmeter.JMeter: Copyright (c) 1998-2012 The Apache Software Foundation 
2016/04/06 11:39:38 INFO  - jmeter.JMeter: Version 2.6 r1237317 
2016/04/06 11:39:38 INFO  - jmeter.JMeter: java.version=1.8.0_45 
2016/04/06 11:39:38 INFO  - jmeter.JMeter: java.vm.name=Java HotSpot(TM) 64-Bit Server VM 
2016/04/06 11:39:38 INFO  - jmeter.JMeter: os.name=Mac OS X 
2016/04/06 11:39:38 INFO  - jmeter.JMeter: os.arch=x86_64 
2016/04/06 11:39:38 INFO  - jmeter.JMeter: os.version=10.10.3 
2016/04/06 11:39:38 INFO  - jmeter.JMeter: file.encoding=UTF-8 
2016/04/06 11:39:38 INFO  - jmeter.JMeter: Default Locale=English (United States) 
2016/04/06 11:39:38 INFO  - jmeter.JMeter: JMeter  Locale=English (United States) 
2016/04/06 11:39:38 INFO  - jmeter.JMeter: JMeterHome=/Users/DTung/Jmeter-Dailies/target/jmeter 
2016/04/06 11:39:38 INFO  - jmeter.JMeter: user.dir  =/Users/DTung/Jmeter-Dailies/target/jmeter/bin 
2016/04/06 11:39:38 INFO  - jmeter.JMeter: PWD       =/Users/DTung/Jmeter-Dailies/target/jmeter/bin 
2016/04/06 11:39:38 INFO  - jmeter.JMeter: IP: 10.89.196.52 Name: CCCNYC04DXT.local FullName: 10.89.196.52 
2016/04/06 11:39:38 INFO  - jmeter.services.FileServer: Default base='/Users/DTung/Jmeter-Dailies/target/jmeter/bin' 
2016/04/06 11:39:38 INFO  - jmeter.services.FileServer: Set new base='/Users/DTung/Jmeter-Dailies/src/test/jmeter' 
2016/04/06 11:39:38 INFO  - jmeter.JMeter: Loading file: /Users/DTung/Jmeter-Dailies/src/test/jmeter/AMP_API_LiveStations.jmx 
2016/04/06 11:39:38 INFO  - jmeter.save.SaveService: Testplan (JMX) version: 2.2. Testlog (JTL) version: 2.2 
2016/04/06 11:39:38 INFO  - jmeter.save.SaveService: Using SaveService properties file encoding UTF-8 
2016/04/06 11:39:38 INFO  - jmeter.save.SaveService: Using SaveService properties file version 1234216 
2016/04/06 11:39:38 INFO  - jmeter.save.SaveService: Using SaveService properties version 2.2 
2016/04/06 11:39:38 INFO  - jmeter.save.SaveService: All converter versions present and correct 
2016/04/06 11:39:38 INFO  - jmeter.protocol.http.sampler.HTTPSamplerBase: Cannot find .className property for htmlParser, using default 
2016/04/06 11:39:38 INFO  - jmeter.protocol.http.sampler.HTTPSamplerBase: Parser for text/html is  
2016/04/06 11:39:38 INFO  - jmeter.protocol.http.sampler.HTTPSamplerBase: Parser for application/xhtml+xml is  
2016/04/06 11:39:38 INFO  - jmeter.protocol.http.sampler.HTTPSamplerBase: Parser for application/xml is  
2016/04/06 11:39:38 INFO  - jmeter.protocol.http.sampler.HTTPSamplerBase: Parser for text/xml is  
2016/04/06 11:39:38 INFO  - jmeter.protocol.http.sampler.HTTPSamplerBase: Parser for text/vnd.wap.wml is org.apache.jmeter.protocol.http.parser.RegexpHTMLParser 
2016/04/06 11:39:38 INFO  - jmeter.protocol.http.sampler.HTTPSamplerBase: Reuse SSL session context on subsequent iterations: true 
2016/04/06 11:39:38 INFO  - jmeter.engine.StandardJMeterEngine: Running the test! 
2016/04/06 11:39:38 INFO  - jmeter.engine.util.CompoundVariable: Note: Function class names must contain the string: '.functions.' 
2016/04/06 11:39:38 INFO  - jmeter.engine.util.CompoundVariable: Note: Function class names must not contain the string: '.gui.' 
2016/04/06 11:39:38 INFO  - jmeter.JMeter: Running test (1459957178432) 
2016/04/06 11:39:38 INFO  - jmeter.engine.StandardJMeterEngine: Starting 1 threads for group AMP Live Stations(PROD). 
2016/04/06 11:39:38 INFO  - jmeter.engine.StandardJMeterEngine: Thread will continue on error 
2016/04/06 11:39:38 INFO  - jmeter.threads.JMeterThread: jmeterthread.startearlier=true (see jmeter.properties) 
2016/04/06 11:39:38 INFO  - jmeter.threads.JMeterThread: Running PostProcessors in forward order 
2016/04/06 11:39:38 INFO  - jmeter.engine.StandardJMeterEngine: All threads have been started 
2016/04/06 11:39:38 INFO  - jmeter.threads.JMeterThread: Thread started: AMP Live Stations(PROD) 1-1 
2016/04/06 11:39:38 INFO  - jmeter.protocol.http.sampler.HTTPJavaImpl: Maximum connection retries = 10 
2016/04/06 11:39:38 INFO  - jmeter.samplers.SampleResult: Note: Sample TimeStamps are START times 
2016/04/06 11:39:38 INFO  - jmeter.samplers.SampleResult: sampleresult.default.encoding is set to ISO-8859-1 
2016/04/06 11:39:38 INFO  - jmeter.samplers.SampleResult: sampleresult.useNanoTime=true 
2016/04/06 11:39:38 INFO  - jmeter.samplers.SampleResult: sampleresult.nanoThreadSleep=5000 
2016/04/06 11:39:38 INFO  - jmeter.protocol.http.sampler.HTTPHCAbstractImpl: Local host = CCCNYC04DXT.local 
2016/04/06 11:39:38 INFO  - jmeter.protocol.http.sampler.HTTPHC4Impl: HTTP request retry count = 1 
2016/04/06 11:39:38 INFO  - jmeter.protocol.http.sampler.HTTPHC4Impl: Setting up HTTPS TrustAll scheme 
2016/04/06 11:39:39 INFO  - jmeter.threads.JMeterThread: Thread finished: AMP Live Stations(PROD) 1-1 
2016/04/06 11:39:39 INFO  - jmeter.engine.StandardJMeterEngine: Ending thread AMP Live Stations(PROD) 1-1 
2016/04/06 11:39:39 INFO  - jmeter.engine.StandardJMeterEngine: Notifying test listeners of end of test 
2016/04/06 11:39:39 INFO  - jmeter.engine.StandardJMeterEngine: Test has ended on host null 
