2016/04/06 11:39:46 INFO  - jmeter.util.JMeterUtils: Setting Locale to en_US 
2016/04/06 11:39:46 INFO  - jmeter.JMeter: Loading user properties from: /Users/DTung/Jmeter-Dailies/target/jmeter/bin/user.properties 
2016/04/06 11:39:46 INFO  - jmeter.JMeter: Loading system properties from: /Users/DTung/Jmeter-Dailies/target/jmeter/bin/system.properties 
2016/04/06 11:39:46 INFO  - jmeter.JMeter: Copyright (c) 1998-2012 The Apache Software Foundation 
2016/04/06 11:39:46 INFO  - jmeter.JMeter: Version 2.6 r1237317 
2016/04/06 11:39:46 INFO  - jmeter.JMeter: java.version=1.8.0_45 
2016/04/06 11:39:46 INFO  - jmeter.JMeter: java.vm.name=Java HotSpot(TM) 64-Bit Server VM 
2016/04/06 11:39:46 INFO  - jmeter.JMeter: os.name=Mac OS X 
2016/04/06 11:39:46 INFO  - jmeter.JMeter: os.arch=x86_64 
2016/04/06 11:39:46 INFO  - jmeter.JMeter: os.version=10.10.3 
2016/04/06 11:39:46 INFO  - jmeter.JMeter: file.encoding=UTF-8 
2016/04/06 11:39:46 INFO  - jmeter.JMeter: Default Locale=English (United States) 
2016/04/06 11:39:46 INFO  - jmeter.JMeter: JMeter  Locale=English (United States) 
2016/04/06 11:39:46 INFO  - jmeter.JMeter: JMeterHome=/Users/DTung/Jmeter-Dailies/target/jmeter 
2016/04/06 11:39:46 INFO  - jmeter.JMeter: user.dir  =/Users/DTung/Jmeter-Dailies/target/jmeter/bin 
2016/04/06 11:39:46 INFO  - jmeter.JMeter: PWD       =/Users/DTung/Jmeter-Dailies/target/jmeter/bin 
2016/04/06 11:39:46 INFO  - jmeter.JMeter: IP: 10.89.196.52 Name: CCCNYC04DXT.local FullName: 10.89.196.52 
2016/04/06 11:39:46 INFO  - jmeter.services.FileServer: Set new base='/Users/DTung/Jmeter-Dailies/src/test/jmeter' 
2016/04/06 11:39:46 INFO  - jmeter.JMeter: Loading file: /Users/DTung/Jmeter-Dailies/src/test/jmeter/PerfectFor_APIs.jmx 
2016/04/06 11:39:46 INFO  - jmeter.protocol.http.control.CookieManager: Settings: Delete null: true Check: true Allow variable: true Save: false Prefix: COOKIE_ 
2016/04/06 11:39:46 INFO  - jmeter.engine.StandardJMeterEngine: Running the test! 
2016/04/06 11:39:46 INFO  - jmeter.JMeter: Running test (1459957186888) 
2016/04/06 11:39:46 INFO  - jmeter.engine.StandardJMeterEngine: Starting 1 threads for group Perfect For. 
2016/04/06 11:39:46 INFO  - jmeter.engine.StandardJMeterEngine: Thread will continue on error 
2016/04/06 11:39:46 INFO  - jmeter.engine.StandardJMeterEngine: Starting 1 threads for group Genre. 
2016/04/06 11:39:46 INFO  - jmeter.engine.StandardJMeterEngine: Thread will continue on error 
2016/04/06 11:39:46 INFO  - jmeter.threads.JMeterThread: Thread started: Perfect For 1-1 
2016/04/06 11:39:46 INFO  - jmeter.engine.StandardJMeterEngine: Starting 1 threads for group Sample test. 
2016/04/06 11:39:46 INFO  - jmeter.engine.StandardJMeterEngine: Thread will continue on error 
2016/04/06 11:39:46 INFO  - jmeter.engine.StandardJMeterEngine: All threads have been started 
2016/04/06 11:39:46 INFO  - jmeter.threads.JMeterThread: Thread started: Genre 2-1 
2016/04/06 11:39:46 INFO  - jmeter.threads.JMeterThread: Thread started: Sample test 3-1 
2016/04/06 11:39:46 INFO  - jmeter.util.JsseSSLManager: Using default SSL protocol: TLS 
2016/04/06 11:39:46 INFO  - jmeter.util.JsseSSLManager: SSL session context: per-thread 
2016/04/06 11:39:46 INFO  - jmeter.util.SSLManager: JmeterKeyStore Location:  type JKS 
2016/04/06 11:39:46 INFO  - jmeter.util.SSLManager: JmeterKeyStore Location:  type JKS 
2016/04/06 11:39:46 INFO  - jmeter.util.SSLManager: KeyStore created OK 
2016/04/06 11:39:46 INFO  - jmeter.util.SSLManager: KeyStore created OK 
2016/04/06 11:39:46 WARN  - jmeter.util.SSLManager: Keystore file not found, loading empty keystore 
2016/04/06 11:39:46 WARN  - jmeter.util.SSLManager: Keystore file not found, loading empty keystore 
2016/04/06 11:39:47 INFO  - jmeter.threads.JMeterThread: Thread finished: Sample test 3-1 
2016/04/06 11:39:47 INFO  - jmeter.engine.StandardJMeterEngine: Ending thread Sample test 3-1 
2016/04/06 11:39:47 INFO  - jmeter.threads.JMeterThread: Thread finished: Perfect For 1-1 
2016/04/06 11:39:47 INFO  - jmeter.engine.StandardJMeterEngine: Ending thread Perfect For 1-1 
2016/04/06 11:39:47 INFO  - jmeter.threads.JMeterThread: Thread finished: Genre 2-1 
2016/04/06 11:39:47 INFO  - jmeter.engine.StandardJMeterEngine: Ending thread Genre 2-1 
2016/04/06 11:39:47 INFO  - jmeter.engine.StandardJMeterEngine: Notifying test listeners of end of test 
2016/04/06 11:39:47 INFO  - jmeter.engine.StandardJMeterEngine: Test has ended on host null 
