2015/08/26 09:25:34 INFO  - jmeter.util.JMeterUtils: Setting Locale to en_US 
2015/08/26 09:25:34 INFO  - jmeter.JMeter: Loading user properties from: /Users/DTung/jmeter-demo/target/jmeter/bin/user.properties 
2015/08/26 09:25:34 INFO  - jmeter.JMeter: Loading system properties from: /Users/DTung/jmeter-demo/target/jmeter/bin/system.properties 
2015/08/26 09:25:34 INFO  - jmeter.JMeter: Copyright (c) 1998-2012 The Apache Software Foundation 
2015/08/26 09:25:34 INFO  - jmeter.JMeter: Version 2.6 r1237317 
2015/08/26 09:25:34 INFO  - jmeter.JMeter: java.version=1.8.0_45 
2015/08/26 09:25:34 INFO  - jmeter.JMeter: java.vm.name=Java HotSpot(TM) 64-Bit Server VM 
2015/08/26 09:25:34 INFO  - jmeter.JMeter: os.name=Mac OS X 
2015/08/26 09:25:34 INFO  - jmeter.JMeter: os.arch=x86_64 
2015/08/26 09:25:34 INFO  - jmeter.JMeter: os.version=10.10.3 
2015/08/26 09:25:34 INFO  - jmeter.JMeter: file.encoding=UTF-8 
2015/08/26 09:25:34 INFO  - jmeter.JMeter: Default Locale=English (United States) 
2015/08/26 09:25:34 INFO  - jmeter.JMeter: JMeter  Locale=English (United States) 
2015/08/26 09:25:34 INFO  - jmeter.JMeter: JMeterHome=/Users/DTung/jmeter-demo/target/jmeter 
2015/08/26 09:25:34 INFO  - jmeter.JMeter: user.dir  =/Users/DTung/jmeter-demo/target/jmeter/bin 
2015/08/26 09:25:34 INFO  - jmeter.JMeter: PWD       =/Users/DTung/jmeter-demo/target/jmeter/bin 
2015/08/26 09:25:34 INFO  - jmeter.JMeter: IP: 10.89.196.58 Name: cccnyc04dxt.sompa.iheart.com FullName: cccnyc04dxt.sompa.iheart.com 
2015/08/26 09:25:34 INFO  - jmeter.services.FileServer: Set new base='/Users/DTung/jmeter-demo/src/test/jmeter' 
2015/08/26 09:25:34 INFO  - jmeter.JMeter: Loading file: /Users/DTung/jmeter-demo/src/test/jmeter/PerfectFor APIs.jmx 
2015/08/26 09:25:34 INFO  - jmeter.protocol.http.control.CookieManager: Settings: Delete null: true Check: true Allow variable: true Save: false Prefix: COOKIE_ 
2015/08/26 09:25:34 INFO  - jmeter.engine.StandardJMeterEngine: Running the test! 
2015/08/26 09:25:34 INFO  - jmeter.JMeter: Running test (1440595534478) 
2015/08/26 09:25:34 INFO  - jmeter.engine.StandardJMeterEngine: Starting 1 threads for group Radio Edit(DL Scheduler). 
2015/08/26 09:25:34 INFO  - jmeter.engine.StandardJMeterEngine: Thread will continue on error 
2015/08/26 09:25:34 INFO  - jmeter.engine.StandardJMeterEngine: Starting 1 threads for group DL Sceduler. 
2015/08/26 09:25:34 INFO  - jmeter.engine.StandardJMeterEngine: Thread will continue on error 
2015/08/26 09:25:34 INFO  - jmeter.threads.JMeterThread: Thread started: Radio Edit(DL Scheduler) 1-1 
2015/08/26 09:25:34 INFO  - jmeter.engine.StandardJMeterEngine: All threads have been started 
2015/08/26 09:25:34 INFO  - jmeter.threads.JMeterThread: Thread started: DL Sceduler 2-1 
2015/08/26 09:25:34 INFO  - jmeter.threads.JMeterThread: Thread finished: Radio Edit(DL Scheduler) 1-1 
2015/08/26 09:25:34 INFO  - jmeter.engine.StandardJMeterEngine: Ending thread Radio Edit(DL Scheduler) 1-1 
2015/08/26 09:25:35 INFO  - jmeter.threads.JMeterThread: Thread finished: DL Sceduler 2-1 
2015/08/26 09:25:35 INFO  - jmeter.engine.StandardJMeterEngine: Ending thread DL Sceduler 2-1 
2015/08/26 09:25:35 INFO  - jmeter.engine.StandardJMeterEngine: Notifying test listeners of end of test 
2015/08/26 09:25:35 INFO  - jmeter.engine.StandardJMeterEngine: Test has ended on host null 
